Resource Usage Summary report for cycloneIII_3c25_niosII_video
Wed Aug 15 10:41:01 2012
Quartus II Version 11.0 Build 157 04/27/2011 SJ Web Edition


---------------------
; Table of Contents ;
---------------------
  1. Legal Notice
  2. Fitter Resource Usage Summary



----------------
; Legal Notice ;
----------------
Copyright (C) 1991-2011 Altera Corporation
Your use of Altera Corporation's design tools, logic functions 
and other software and tools, and its AMPP partner logic 
functions, and any output files from any of the foregoing 
(including device programming or simulation files), and any 
associated documentation or information are expressly subject 
to the terms and conditions of the Altera Program License 
Subscription Agreement, Altera MegaCore Function License 
Agreement, or other applicable license agreement, including, 
without limitation, that your use is for the sole purpose of 
programming logic devices manufactured by Altera and sold by 
Altera or its authorized distributors.  Please refer to the 
applicable agreement for further details.



+----------------------------------------------------------------------------------------------------------------------------------------------------------------------------------------------------------------------------+
; Fitter Resource Usage Summary                                                                                                                                                                                              ;
+---------------------------------------------+------------------------------------------------------------------------------------------------------------------------------------------------------------------------------+
; Resource                                    ; Usage                                                                                                                                                                        ;
+---------------------------------------------+------------------------------------------------------------------------------------------------------------------------------------------------------------------------------+
; Total logic elements                        ; 21,028 / 24,624 ( 85 % )                                                                                                                                                     ;
;     -- Combinational with no register       ; 7093                                                                                                                                                                         ;
;     -- Register only                        ; 4684                                                                                                                                                                         ;
;     -- Combinational with a register        ; 9251                                                                                                                                                                         ;
;                                             ;                                                                                                                                                                              ;
; Logic element usage by number of LUT inputs ;                                                                                                                                                                              ;
;     -- 4 input functions                    ; 8603                                                                                                                                                                         ;
;     -- 3 input functions                    ; 4917                                                                                                                                                                         ;
;     -- <=2 input functions                  ; 2824                                                                                                                                                                         ;
;     -- Register only                        ; 4684                                                                                                                                                                         ;
;                                             ;                                                                                                                                                                              ;
; Logic elements by mode                      ;                                                                                                                                                                              ;
;     -- normal mode                          ; 13904                                                                                                                                                                        ;
;     -- arithmetic mode                      ; 2440                                                                                                                                                                         ;
;                                             ;                                                                                                                                                                              ;
; Total registers*                            ; 14,169 / 25,629 ( 55 % )                                                                                                                                                     ;
;     -- Dedicated logic registers            ; 13,935 / 24,624 ( 57 % )                                                                                                                                                     ;
;     -- I/O registers                        ; 234 / 1,005 ( 23 % )                                                                                                                                                         ;
;                                             ;                                                                                                                                                                              ;
; Total LABs:  partially or completely used   ; 1,502 / 1,539 ( 98 % )                                                                                                                                                       ;
; User inserted logic elements                ; 0                                                                                                                                                                            ;
; Virtual pins                                ; 0                                                                                                                                                                            ;
; I/O pins                                    ; 164 / 216 ( 76 % )                                                                                                                                                           ;
;     -- Clock pins                           ; 6 / 8 ( 75 % )                                                                                                                                                               ;
;     -- Dedicated input pins                 ; 3 / 9 ( 33 % )                                                                                                                                                               ;
; Global signals                              ; 20                                                                                                                                                                           ;
; M9Ks                                        ; 46 / 66 ( 70 % )                                                                                                                                                             ;
; Total block memory bits                     ; 165,650 / 608,256 ( 27 % )                                                                                                                                                   ;
; Total block memory implementation bits      ; 423,936 / 608,256 ( 70 % )                                                                                                                                                   ;
; Embedded Multiplier 9-bit elements          ; 49 / 132 ( 37 % )                                                                                                                                                            ;
; PLLs                                        ; 2 / 4 ( 50 % )                                                                                                                                                               ;
; Global clocks                               ; 20 / 20 ( 100 % )                                                                                                                                                            ;
; JTAGs                                       ; 1 / 1 ( 100 % )                                                                                                                                                              ;
; CRC blocks                                  ; 0 / 1 ( 0 % )                                                                                                                                                                ;
; ASMI blocks                                 ; 1 / 1 ( 100 % )                                                                                                                                                              ;
; Impedance control blocks                    ; 0 / 4 ( 0 % )                                                                                                                                                                ;
; Average interconnect usage (total/H/V)      ; 39% / 38% / 40%                                                                                                                                                              ;
; Peak interconnect usage (total/H/V)         ; 66% / 67% / 68%                                                                                                                                                              ;
; Maximum fan-out node                        ; cycloneIII_3c25_niosII_video_sopc:cycloneIII_3c25_niosII_video_sopc_instance|pll:the_pll|altpllpll:the_pll|altpll:altpll_component|altpll_l9q2:auto_generated|clk[2]~clkctrl ;
; Maximum fan-out                             ; 6033                                                                                                                                                                         ;
; Highest non-global fan-out signal           ; cycloneIII_3c25_niosII_video_sopc:cycloneIII_3c25_niosII_video_sopc_instance|cpu:the_cpu|hq3myc14108phmpo7y7qmhbp98hy0vq~0                                                   ;
; Highest non-global fan-out                  ; 994                                                                                                                                                                          ;
; Total fan-out                               ; 107656                                                                                                                                                                       ;
; Average fan-out                             ; 3.13                                                                                                                                                                         ;
+---------------------------------------------+------------------------------------------------------------------------------------------------------------------------------------------------------------------------------+
*  Register count does not include registers inside RAM blocks or DSP blocks.



